Invoking simulator...

./salida -sml=verdi +UVM_VERDI_TRACE=UVM_AWARE +fsdb+gate=off -ucli2Proc -ucli
debImport "-i" "-simflow" "-dbdir" "./salida.daidir"
*Verdi* Loading libsscore_vcs202012.so

FSDB Dumper for VCS, Release Verdi_R-2020.12-SP2, Linux x86_64/64bit, 05/23/2021
(C) 1996 - 2021 by Synopsys, Inc.

*Verdi* : Create FSDB file '/mnt/vol_NFS_rh003/Est_Verif_II2023/DenisseSolorzano_II_2023/verificacion_IIs_2023/Proyecto2/inter.fsdb'

*Verdi* : Flush all FSDB Files at 0 ps.

*Verdi* : Enable RPC Server(1497850)

srcTBInvokeSim
Warning : License for product VCSRuntime_Net(725) will expire within 1 days, on: 14-oct-2023.
If you would like to temporarily disable this message, set 
 the VCS_LIC_EXPIRE_WARNING environment variable to the number of days
before expiration that you want this message to start (the minimum is 0).
Chronologic VCS simulator copyright 1991-2020
Contains Synopsys proprietary information.
Compiler version R-2020.12-SP2_Full64; Runtime version R-2020.12-SP2_Full64;  Oct 14 21:55 2023
xterm-256color is Not a valid terminal...
Verdi>fsdbDumpvars 0 "tb.dut._rw_\[1\]._clm_\[1\].rtr"  +all +trace_process;fsdbDumpflush 

*Verdi* : Begin traversing the scope (tb.dut._rw_[1]._clm_[1].rtr), layer (0).
*Verdi* : Enable +trace_process and +all dumping.
*Verdi* : End of traversing.
*Verdi* : Flush all FSDB Files at 0 ps.

Verdi>run
row 0000 colum 0010
data_out_i_in: 0000000000000010100000000000000000000001
ntrfs: Message received  in terminal: 0 router ID: 1 1 at time 49
trgt_r: 0
trgt_c: 2
mode: 1
src: 0
id: 0
pyld: 01
ntrfs: Message received  in terminal: 3 router ID: 1 2 at time 65
trgt_r: 0
trgt_c: 2
mode: 1
src: 0
id: 0
pyld: 01
ntrfs: Message send in terminal: 1 router ID: 1 1 at time 65
trgt_r: 0
trgt_c: 2
mode: 1
src: 0
id: 0
pyld: 01
ntrfs: Message send in terminal: 0 router ID: 1 3 at time 75
trgt_r: 0
trgt_c: 0
mode: 0
src: 0
id: 0
pyld: 00
$finish called from file "testbench_prueba1.sv", line 77.
$finish at simulation time              2075000
Simulation complete, time is 2075000 ps.
testbench_prueba1.sv, 77 :     $finish;
           V C S   S i m u l a t i o n   R e p o r t 
Time: 2075000 ps
CPU Time:      0.260 seconds;       Data structure size:   3.2Mb
Sat Oct 14 21:57:34 2023
debExit
