version: (200506)

available memory: 64M bytes
used memory: 229376 bytes [need 224K bytes if disable swap]

used block: 14 [memory(14) file(0)]
                 [ 8K(12) 64K(2) { total 224K bytes } ]
overhead: (9555) bytes for (14) blocks [Average: (682) bytes/block]

write  => 0(times) 0K(bytes) [0K bytes to file]
read   => 2(times) 72K(bytes) [11K bytes compressed data from file]
access => 72687(times) 595M(bytes)
          [hit ratio: 99.9972%]

time: write(0) read(0)  unit: second

swap file directory: (/mnt/vol_NFS_rh003/Est_Verif_II2023/DenisseSolorzano_II_2023/verificacion_IIs_2023/Proyecto2/verdiLog)
used swap file number: (3)



swap file manager:
arrSize: (256)
idxCnt: (4)
closeHead: (1)
closeTail: (3)
openCnt: (3)
fid(3): fd(1073741825) fileName(/mnt/vol_NFS_rh003/Est_Verif_II2023/DenisseSolorzano_II_2023/verificacion_IIs_2023/Proyecto2/salida.daidir/kdb.elab++/work.lib++/testbench_prueba1.sv.tdc)
	size(3620) lastModTime(1697340937) curModTime(1697340937)
	mode(rb)	hot(0) cool(2) pos(0)
fid(2): fd(33) fileName(/mnt/vol_NFS_rh003/Est_Verif_II2023/DenisseSolorzano_II_2023/verificacion_IIs_2023/Proyecto2/verdiLog/_swap_0001#8323328#1497329)
	size(0) lastModTime(0) curModTime(1697340972)
	mode(w+b)	hot(3) cool(1) pos(0)
fid(1): fd(1073741824) fileName(/mnt/vol_NFS_rh003/Est_Verif_II2023/DenisseSolorzano_II_2023/verificacion_IIs_2023/Proyecto2/salida.daidir/kdb.elab++/work.lib++/fifo.sv#inc___vcs_unit__1__2#.tdc)
	size(26191) lastModTime(1697340937) curModTime(1697340937)
	mode(rb)	hot(2) cool(0) pos(0)
fid(0): fd(0) fileName(NULL)
	mode(NULL)	hot(0) cool(0) pos(0)
==================================================
mySelf(15350fe0) pre(161a7ca0) next(0)
version(200506)
date(May 19 2021 05:00:27)
